\BOOKMARK [1][-]{section.1}{\376\377\000O\000v\000e\000r\000v\000i\000e\000w}{}% 1
\BOOKMARK [2][-]{subsection.1.1}{\376\377\000P\000u\000r\000p\000o\000s\000e}{section.1}% 2
\BOOKMARK [1][-]{section.2}{\376\377\000S\000m\000a\000r\000t\000\040\000q\000u\000o\000t\000e\000s}{}% 3
\BOOKMARK [2][-]{subsection.2.1}{\376\377\000O\000p\000t\000i\000o\000n\000s}{section.2}% 4
\BOOKMARK [3][-]{subsubsection.2.1.1}{\376\377\000F\000r\000e\000n\000c\000h\000\040\000o\000p\000t\000i\000o\000n}{subsection.2.1}% 5
\BOOKMARK [3][-]{subsubsection.2.1.2}{\376\377\000T\000h\000e\000\040\000G\000e\000r\000m\000a\000n\000\040\000o\000p\000t\000i\000o\000n}{subsection.2.1}% 6
\BOOKMARK [2][-]{subsection.2.2}{\376\377\000A\000c\000t\000i\000v\000a\000t\000i\000o\000n\000\040\000a\000n\000d\000\040\000D\000e\000-\000a\000c\000t\000i\000v\000a\000t\000i\000o\000n}{section.2}% 7
\BOOKMARK [2][-]{subsection.2.3}{\376\377\000M\000o\000n\000o\000s\000p\000a\000c\000e}{section.2}% 8
\BOOKMARK [1][-]{section.3}{\376\377\000A\000u\000x\000i\000l\000i\000a\000r\000y\000\040\000P\000u\000n\000c\000t\000u\000a\000t\000i\000o\000n}{}% 9
\BOOKMARK [2][-]{subsection.3.1}{\376\377\000S\000t\000a\000n\000d\000a\000l\000o\000n\000e\000\040\000q\000u\000o\000t\000e\000s}{section.3}% 10
\BOOKMARK [2][-]{subsection.3.2}{\376\377\000A\000d\000d\000i\000t\000i\000o\000n\000a\000l\000\040\000s\000y\000m\000b\000o\000l\000s}{section.3}% 11
\BOOKMARK [1][-]{section.4}{\376\377\000F\000u\000t\000u\000r\000e\000\040\000D\000e\000v\000e\000l\000o\000p\000m\000e\000n\000t\000\040\000a\000n\000d\000\040\000L\000o\000c\000a\000l\000i\000s\000a\000t\000i\000o\000n}{}% 12
\BOOKMARK [1][-]{section.5}{\376\377\000L\000i\000c\000e\000n\000c\000e}{}% 13
\BOOKMARK [1][-]{section.6}{\376\377\000I\000m\000p\000l\000e\000m\000e\000n\000t\000a\000t\000i\000o\000n}{}% 14
\BOOKMARK [2][-]{subsection.6.1}{\376\377\000L\000u\000a\000T\000e\000X\000\040\000c\000h\000e\000c\000k}{section.6}% 15
\BOOKMARK [2][-]{subsection.6.2}{\376\377\000D\000e\000p\000e\000n\000d\000e\000n\000c\000i\000e\000s}{section.6}% 16
\BOOKMARK [2][-]{subsection.6.3}{\376\377\000A\000v\000o\000i\000d\000i\000n\000g\000\040\000s\000m\000a\000r\000t\000\040\000q\000u\000o\000t\000e\000s\000\040\000i\000n\000\040\000m\000o\000n\000o\000s\000p\000a\000c\000e}{section.6}% 17
\BOOKMARK [2][-]{subsection.6.4}{\376\377\000Q\000u\000o\000t\000e\000\040\000r\000e\000p\000l\000a\000c\000e\000m\000e\000n\000t\000\040\000f\000u\000n\000c\000t\000i\000o\000n\000s}{section.6}% 18
\BOOKMARK [2][-]{subsection.6.5}{\376\377\000A\000c\000t\000i\000v\000a\000t\000i\000o\000n\000\040\000c\000o\000m\000m\000a\000n\000d\000s}{section.6}% 19
\BOOKMARK [2][-]{subsection.6.6}{\376\377\000E\000n\000g\000l\000i\000s\000h\000\040\000o\000p\000t\000i\000o\000n}{section.6}% 20
\BOOKMARK [2][-]{subsection.6.7}{\376\377\000A\000u\000x\000i\000l\000i\000a\000r\000y\000\040\000p\000u\000n\000c\000t\000u\000a\000t\000i\000o\000n}{section.6}% 21
\BOOKMARK [2][-]{subsection.6.8}{\376\377\000T\000h\000e\000\040\000G\000e\000r\000m\000a\000n\000\040\000o\000p\000t\000i\000o\000n}{section.6}% 22
\BOOKMARK [2][-]{subsection.6.9}{\376\377\000T\000h\000e\000\040\000F\000r\000e\000n\000c\000h\000\040\000o\000p\000t\000i\000o\000n}{section.6}% 23
\BOOKMARK [2][-]{subsection.6.10}{\376\377\000P\000r\000o\000c\000e\000s\000s\000\040\000O\000p\000t\000i\000o\000n\000s}{section.6}% 24
\BOOKMARK [1][-]{section.7}{\376\377\000V\000e\000r\000s\000i\000o\000n\000\040\000H\000i\000s\000t\000o\000r\000y}{}% 25
\BOOKMARK [2][-]{subsection.7.1}{\376\377\0001\000.\0000\000.\0000}{section.7}% 26
