This is LuaTeX, Version 1.15.0 (TeX Live 2022)  (format=luatex 2022.4.12)  18 AUG 2022 15:19
 restricted system commands enabled.
 file:line:error style messages enabled.
**luaquotes-font.sty
(./luaquotes-font.sty
./luaquotes-font.sty:2: Undefined control sequence.
l.2 \ProvidesPackage
                  {luaquotes-font}
The control sequence at the end of the top line
of your error message was never \def'ed. If you have
misspelled it (e.g., `\hobx'), type `I' and the correct
spelling (e.g., `I\hbox'). Otherwise just continue,
and I'll forget about whatever was undefined.

./luaquotes-font.sty:23: Undefined control sequence.
l.23   \RequirePackage
                    {iftex}
The control sequence at the end of the top line
of your error message was never \def'ed. If you have
misspelled it (e.g., `\hobx'), type `I' and the correct
spelling (e.g., `I\hbox'). Otherwise just continue,
and I'll forget about whatever was undefined.

./luaquotes-font.sty:24: Undefined control sequence.
l.24   \ifPDFTeX
               {
The control sequence at the end of the top line
of your error message was never \def'ed. If you have
misspelled it (e.g., `\hobx'), type `I' and the correct
spelling (e.g., `I\hbox'). Otherwise just continue,
and I'll forget about whatever was undefined.

./luaquotes-font.sty:25: Undefined control sequence.
l.25     \PackageError
                    {luaquotes}
The control sequence at the end of the top line
of your error message was never \def'ed. If you have
misspelled it (e.g., `\hobx'), type `I' and the correct
spelling (e.g., `I\hbox'). Otherwise just continue,
and I'll forget about whatever was undefined.

./luaquotes-font.sty:27: Undefined control sequence.
l.27       \MessageBreak
                       with LuaTeX}{}
The control sequence at the end of the top line
of your error message was never \def'ed. If you have
misspelled it (e.g., `\hobx'), type `I' and the correct
spelling (e.g., `I\hbox'). Otherwise just continue,
and I'll forget about whatever was undefined.

./luaquotes-font.sty:29: Extra \else.
l.29 \else
        \ifXeTeX{    \PackageError{luaquotes}
I'm ignoring this; it doesn't match any \if.

./luaquotes-font.sty:29: Undefined control sequence.
l.29 \else\ifXeTeX
                {    \PackageError{luaquotes}
The control sequence at the end of the top line
of your error message was never \def'ed. If you have
misspelled it (e.g., `\hobx'), type `I' and the correct
spelling (e.g., `I\hbox'). Otherwise just continue,
and I'll forget about whatever was undefined.

./luaquotes-font.sty:29: Undefined control sequence.
l.29 \else\ifXeTeX{    \PackageError
                                  {luaquotes}
The control sequence at the end of the top line
of your error message was never \def'ed. If you have
misspelled it (e.g., `\hobx'), type `I' and the correct
spelling (e.g., `I\hbox'). Otherwise just continue,
and I'll forget about whatever was undefined.

./luaquotes-font.sty:31: Undefined control sequence.
l.31       \MessageBreak
                       with LuaTeX}{}
The control sequence at the end of the top line
of your error message was never \def'ed. If you have
misspelled it (e.g., `\hobx'), type `I' and the correct
spelling (e.g., `I\hbox'). Otherwise just continue,
and I'll forget about whatever was undefined.

./luaquotes-font.sty:32: Extra \fi.
l.32 }\fi
       \fi
I'm ignoring this; it doesn't match any \if.

./luaquotes-font.sty:32: Extra \fi.
l.32 }\fi\fi
          
I'm ignoring this; it doesn't match any \if.

./luaquotes-font.sty:38: Undefined control sequence.
l.38   \RequirePackage
                    {luacode}
The control sequence at the end of the top line
of your error message was never \def'ed. If you have
misspelled it (e.g., `\hobx'), type `I' and the correct
spelling (e.g., `I\hbox'). Otherwise just continue,
and I'll forget about whatever was undefined.

./luaquotes-font.sty:46: Undefined control sequence.
l.46   \RequirePackage
                    {fontspec}
The control sequence at the end of the top line
of your error message was never \def'ed. If you have
misspelled it (e.g., `\hobx'), type `I' and the correct
spelling (e.g., `I\hbox'). Otherwise just continue,
and I'll forget about whatever was undefined.

./luaquotes-font.sty:61: Undefined control sequence.
l.61 \luaexec
           {
The control sequence at the end of the top line
of your error message was never \def'ed. If you have
misspelled it (e.g., `\hobx'), type `I' and the correct
spelling (e.g., `I\hbox'). Otherwise just continue,
and I'll forget about whatever was undefined.

./luaquotes-font.sty:71: Undefined control sequence.
l.71 \luaexec
           {function singlequotelinestart ( s )
The control sequence at the end of the top line
of your error message was never \def'ed. If you have
misspelled it (e.g., `\hobx'), type `I' and the correct
spelling (e.g., `I\hbox'). Otherwise just continue,
and I'll forget about whatever was undefined.

./luaquotes-font.sty:72: Missing $ inserted.
<inserted text> 
$
<to be read again> 
^
l.72            return (s:gsub ("^
                                '","‘" )  )
I've inserted a begin-math/end-math symbol since I think
you left one out. Proceed, with fingers crossed.

./luaquotes-font.sty:72: Missing { inserted.
<to be read again> 
^
'->^
    \bgroup \prim@s 
l.72            return (s:gsub ("^'
                                 ","‘" )  )
A left brace was mandatory here, so I've put one in.
You might want to delete and/or insert some corrections
so that I will find a matching right brace soon.
If you're confused by all this, try typing `I}' now.

./luaquotes-font.sty:74: Missing $ inserted.
<inserted text> 
$
<to be read again> 
\par 
l.74 
   
I've inserted a begin-math/end-math symbol since I think
you left one out. Proceed, with fingers crossed.

Missing character: There is no ‘ (U+2018) in font cmr7!
Missing character: There is no ‘ (U+2018) in font cmr7!
./luaquotes-font.sty:75: Undefined control sequence.
l.75 \luaexec
           {function singlequotes ( s )
The control sequence at the end of the top line
of your error message was never \def'ed. If you have
misspelled it (e.g., `\hobx'), type `I' and the correct
spelling (e.g., `I\hbox'). Otherwise just continue,
and I'll forget about whatever was undefined.

./luaquotes-font.sty:83: Undefined control sequence.
l.83 \newcommand
              \doublequoteson{\directlua{luatexbase.add_to_callback (
The control sequence at the end of the top line
of your error message was never \def'ed. If you have
misspelled it (e.g., `\hobx'), type `I' and the correct
spelling (e.g., `I\hbox'). Otherwise just continue,
and I'll forget about whatever was undefined.

./luaquotes-font.sty:83: Undefined control sequence.
l.83 \newcommand\doublequoteson
                             {\directlua{luatexbase.add_to_callback (
The control sequence at the end of the top line
of your error message was never \def'ed. If you have
misspelled it (e.g., `\hobx'), type `I' and the correct
spelling (e.g., `I\hbox'). Otherwise just continue,
and I'll forget about whatever was undefined.

[\directlua]:1: attempt to index a nil value (global 'luatexbase')
stack traceback:
	[\directlua]:1: in main chunk.
l.84 ...t_buffer" , doublequotes , "doublequotes" )}
                                                  }
The lua interpreter ran into a problem, so the
remainder of this lua chunk will be ignored.

./luaquotes-font.sty:85: Undefined control sequence.
l.85 \newcommand
              \doublequotesoff{\directlua{luatexbase.remove_from_callback (
The control sequence at the end of the top line
of your error message was never \def'ed. If you have
misspelled it (e.g., `\hobx'), type `I' and the correct
spelling (e.g., `I\hbox'). Otherwise just continue,
and I'll forget about whatever was undefined.

./luaquotes-font.sty:85: Undefined control sequence.
l.85 \newcommand\doublequotesoff
                              {\directlua{luatexbase.remove_from_callback (
The control sequence at the end of the top line
of your error message was never \def'ed. If you have
misspelled it (e.g., `\hobx'), type `I' and the correct
spelling (e.g., `I\hbox'). Otherwise just continue,
and I'll forget about whatever was undefined.

[\directlua]:1: ')' expected near 'quotes'.
l.88    "doublequotes" )}
                       }
The lua interpreter ran into a problem, so the
remainder of this lua chunk will be ignored.

./luaquotes-font.sty:89: Undefined control sequence.
l.89 \newcommand
              \singlequotelinestarton{\directlua{
The control sequence at the end of the top line
of your error message was never \def'ed. If you have
misspelled it (e.g., `\hobx'), type `I' and the correct
spelling (e.g., `I\hbox'). Otherwise just continue,
and I'll forget about whatever was undefined.

./luaquotes-font.sty:89: Undefined control sequence.
l.89 \newcommand\singlequotelinestarton
                                     {\directlua{
The control sequence at the end of the top line
of your error message was never \def'ed. If you have
misspelled it (e.g., `\hobx'), type `I' and the correct
spelling (e.g., `I\hbox'). Otherwise just continue,
and I'll forget about whatever was undefined.

[\directlua]:1: attempt to index a nil value (global 'luatexbase')
stack traceback:
	[\directlua]:1: in main chunk.
l.92    }
       }
The lua interpreter ran into a problem, so the
remainder of this lua chunk will be ignored.

./luaquotes-font.sty:93: Undefined control sequence.
l.93 \newcommand
              \singlequotelinestartoff{\directlua{
The control sequence at the end of the top line
of your error message was never \def'ed. If you have
misspelled it (e.g., `\hobx'), type `I' and the correct
spelling (e.g., `I\hbox'). Otherwise just continue,
and I'll forget about whatever was undefined.

./luaquotes-font.sty:93: Undefined control sequence.
l.93 \newcommand\singlequotelinestartoff
                                      {\directlua{
The control sequence at the end of the top line
of your error message was never \def'ed. If you have
misspelled it (e.g., `\hobx'), type `I' and the correct
spelling (e.g., `I\hbox'). Otherwise just continue,
and I'll forget about whatever was undefined.

[\directlua]:1: attempt to index a nil value (global 'luatexbase')
stack traceback:
	[\directlua]:1: in main chunk.
l.96    }
       }
The lua interpreter ran into a problem, so the
remainder of this lua chunk will be ignored.

./luaquotes-font.sty:97: Undefined control sequence.
l.97 \newcommand
              \singlequoteson{\directlua{
The control sequence at the end of the top line
of your error message was never \def'ed. If you have
misspelled it (e.g., `\hobx'), type `I' and the correct
spelling (e.g., `I\hbox'). Otherwise just continue,
and I'll forget about whatever was undefined.

./luaquotes-font.sty:97: Undefined control sequence.
l.97 \newcommand\singlequoteson
                             {\directlua{
The control sequence at the end of the top line
of your error message was never \def'ed. If you have
misspelled it (e.g., `\hobx'), type `I' and the correct
spelling (e.g., `I\hbox'). Otherwise just continue,
and I'll forget about whatever was undefined.

[\directlua]:1: attempt to index a nil value (global 'luatexbase')
stack traceback:
	[\directlua]:1: in main chunk.
l.100    }
        }
The lua interpreter ran into a problem, so the
remainder of this lua chunk will be ignored.

./luaquotes-font.sty:101: Undefined control sequence.
l.101 \newcommand
               \singlequotesoff{\directlua{luatexbase.remove_from_callback (
The control sequence at the end of the top line
of your error message was never \def'ed. If you have
misspelled it (e.g., `\hobx'), type `I' and the correct
spelling (e.g., `I\hbox'). Otherwise just continue,
and I'll forget about whatever was undefined.

./luaquotes-font.sty:101: Undefined control sequence.
l.101 \newcommand\singlequotesoff
                               {\directlua{luatexbase.remove_from_callback (
The control sequence at the end of the top line
of your error message was never \def'ed. If you have
misspelled it (e.g., `\hobx'), type `I' and the correct
spelling (e.g., `I\hbox'). Otherwise just continue,
and I'll forget about whatever was undefined.

[\directlua]:1: attempt to index a nil value (global 'luatexbase')
stack traceback:
	[\directlua]:1: in main chunk.
l.102    "process_input_buffer" , "singlequotes" )}
                                                 }
The lua interpreter ran into a problem, so the
remainder of this lua chunk will be ignored.

./luaquotes-font.sty:108: Undefined control sequence.
l.108    \newcommand
                  {\smartquotes}{\doublequoteson\singlequotelinestarton\sing...
The control sequence at the end of the top line
of your error message was never \def'ed. If you have
misspelled it (e.g., `\hobx'), type `I' and the correct
spelling (e.g., `I\hbox'). Otherwise just continue,
and I'll forget about whatever was undefined.

./luaquotes-font.sty:108: Undefined control sequence.
l.108    \newcommand{\smartquotes
                               }{\doublequoteson\singlequotelinestarton\sing...
The control sequence at the end of the top line
of your error message was never \def'ed. If you have
misspelled it (e.g., `\hobx'), type `I' and the correct
spelling (e.g., `I\hbox'). Otherwise just continue,
and I'll forget about whatever was undefined.

./luaquotes-font.sty:108: Undefined control sequence.
l.108    \newcommand{\smartquotes}{\doublequoteson
                                                \singlequotelinestarton\sing...
The control sequence at the end of the top line
of your error message was never \def'ed. If you have
misspelled it (e.g., `\hobx'), type `I' and the correct
spelling (e.g., `I\hbox'). Otherwise just continue,
and I'll forget about whatever was undefined.

./luaquotes-font.sty:108: Undefined control sequence.
l.108 ...tes}{\doublequoteson\singlequotelinestarton
                                                  \singlequoteson}
The control sequence at the end of the top line
of your error message was never \def'ed. If you have
misspelled it (e.g., `\hobx'), type `I' and the correct
spelling (e.g., `I\hbox'). Otherwise just continue,
and I'll forget about whatever was undefined.

./luaquotes-font.sty:108: Undefined control sequence.
l.108 ...teson\singlequotelinestarton\singlequoteson
                                                  }
The control sequence at the end of the top line
of your error message was never \def'ed. If you have
misspelled it (e.g., `\hobx'), type `I' and the correct
spelling (e.g., `I\hbox'). Otherwise just continue,
and I'll forget about whatever was undefined.

./luaquotes-font.sty:109: Undefined control sequence.
l.109    \newcommand
                  {\dumbquotes}{\doublequotesoff\singlequotelinestartoff\sin...
The control sequence at the end of the top line
of your error message was never \def'ed. If you have
misspelled it (e.g., `\hobx'), type `I' and the correct
spelling (e.g., `I\hbox'). Otherwise just continue,
and I'll forget about whatever was undefined.

./luaquotes-font.sty:109: Undefined control sequence.
l.109    \newcommand{\dumbquotes
                              }{\doublequotesoff\singlequotelinestartoff\sin...
The control sequence at the end of the top line
of your error message was never \def'ed. If you have
misspelled it (e.g., `\hobx'), type `I' and the correct
spelling (e.g., `I\hbox'). Otherwise just continue,
and I'll forget about whatever was undefined.

./luaquotes-font.sty:109: Undefined control sequence.
l.109    \newcommand{\dumbquotes}{\doublequotesoff
                                                \singlequotelinestartoff\sin...
The control sequence at the end of the top line
of your error message was never \def'ed. If you have
misspelled it (e.g., `\hobx'), type `I' and the correct
spelling (e.g., `I\hbox'). Otherwise just continue,
and I'll forget about whatever was undefined.

./luaquotes-font.sty:109: Undefined control sequence.
l.109 ...s}{\doublequotesoff\singlequotelinestartoff
                                                  \singlequotesoff}
The control sequence at the end of the top line
of your error message was never \def'ed. If you have
misspelled it (e.g., `\hobx'), type `I' and the correct
spelling (e.g., `I\hbox'). Otherwise just continue,
and I'll forget about whatever was undefined.

./luaquotes-font.sty:109: Undefined control sequence.
l.109 ...off\singlequotelinestartoff\singlequotesoff
                                                  }
The control sequence at the end of the top line
of your error message was never \def'ed. If you have
misspelled it (e.g., `\hobx'), type `I' and the correct
spelling (e.g., `I\hbox'). Otherwise just continue,
and I'll forget about whatever was undefined.

./luaquotes-font.sty:110: Undefined control sequence.
l.110     \DeclareOption
                      {en}{
The control sequence at the end of the top line
of your error message was never \def'ed. If you have
misspelled it (e.g., `\hobx'), type `I' and the correct
spelling (e.g., `I\hbox'). Otherwise just continue,
and I'll forget about whatever was undefined.

./luaquotes-font.sty:112: Undefined control sequence.
l.112 \AtBeginDocument
                    {\smartquotes}
The control sequence at the end of the top line
of your error message was never \def'ed. If you have
misspelled it (e.g., `\hobx'), type `I' and the correct
spelling (e.g., `I\hbox'). Otherwise just continue,
and I'll forget about whatever was undefined.

./luaquotes-font.sty:112: Undefined control sequence.
l.112 \AtBeginDocument{\smartquotes
                                 }
The control sequence at the end of the top line
of your error message was never \def'ed. If you have
misspelled it (e.g., `\hobx'), type `I' and the correct
spelling (e.g., `I\hbox'). Otherwise just continue,
and I'll forget about whatever was undefined.

./luaquotes-font.sty:136: Undefined control sequence.
l.136 \newcommand
               {\desingle}{{\addfontfeature{RawFeature=-tlig}\symbol{"201A}}}
The control sequence at the end of the top line
of your error message was never \def'ed. If you have
misspelled it (e.g., `\hobx'), type `I' and the correct
spelling (e.g., `I\hbox'). Otherwise just continue,
and I'll forget about whatever was undefined.

./luaquotes-font.sty:136: Undefined control sequence.
l.136 \newcommand{\desingle
                         }{{\addfontfeature{RawFeature=-tlig}\symbol{"201A}}}
The control sequence at the end of the top line
of your error message was never \def'ed. If you have
misspelled it (e.g., `\hobx'), type `I' and the correct
spelling (e.g., `I\hbox'). Otherwise just continue,
and I'll forget about whatever was undefined.

./luaquotes-font.sty:136: Undefined control sequence.
l.136 \newcommand{\desingle}{{\addfontfeature
                                           {RawFeature=-tlig}\symbol{"201A}}}
The control sequence at the end of the top line
of your error message was never \def'ed. If you have
misspelled it (e.g., `\hobx'), type `I' and the correct
spelling (e.g., `I\hbox'). Otherwise just continue,
and I'll forget about whatever was undefined.

./luaquotes-font.sty:136: Undefined control sequence.
l.136 ...}{{\addfontfeature{RawFeature=-tlig}\symbol
                                                  {"201A}}}
The control sequence at the end of the top line
of your error message was never \def'ed. If you have
misspelled it (e.g., `\hobx'), type `I' and the correct
spelling (e.g., `I\hbox'). Otherwise just continue,
and I'll forget about whatever was undefined.

./luaquotes-font.sty:137: Undefined control sequence.
l.137 \newcommand
               {\dedouble}{{\addfontfeature{RawFeature=-tlig}\symbol{"201E}}}
The control sequence at the end of the top line
of your error message was never \def'ed. If you have
misspelled it (e.g., `\hobx'), type `I' and the correct
spelling (e.g., `I\hbox'). Otherwise just continue,
and I'll forget about whatever was undefined.

./luaquotes-font.sty:137: Undefined control sequence.
l.137 \newcommand{\dedouble
                         }{{\addfontfeature{RawFeature=-tlig}\symbol{"201E}}}
The control sequence at the end of the top line
of your error message was never \def'ed. If you have
misspelled it (e.g., `\hobx'), type `I' and the correct
spelling (e.g., `I\hbox'). Otherwise just continue,
and I'll forget about whatever was undefined.

./luaquotes-font.sty:137: Undefined control sequence.
l.137 \newcommand{\dedouble}{{\addfontfeature
                                           {RawFeature=-tlig}\symbol{"201E}}}
The control sequence at the end of the top line
of your error message was never \def'ed. If you have
misspelled it (e.g., `\hobx'), type `I' and the correct
spelling (e.g., `I\hbox'). Otherwise just continue,
and I'll forget about whatever was undefined.

./luaquotes-font.sty:137: Undefined control sequence.
l.137 ...}{{\addfontfeature{RawFeature=-tlig}\symbol
                                                  {"201E}}}
The control sequence at the end of the top line
of your error message was never \def'ed. If you have
misspelled it (e.g., `\hobx'), type `I' and the correct
spelling (e.g., `I\hbox'). Otherwise just continue,
and I'll forget about whatever was undefined.

./luaquotes-font.sty:144: Undefined control sequence.
l.144 \newcommand
               {\dqtwo}{{\addfontfeature{RawFeature=-tlig}\symbol{"0022}}}
The control sequence at the end of the top line
of your error message was never \def'ed. If you have
misspelled it (e.g., `\hobx'), type `I' and the correct
spelling (e.g., `I\hbox'). Otherwise just continue,
and I'll forget about whatever was undefined.

./luaquotes-font.sty:144: Undefined control sequence.
l.144 \newcommand{\dqtwo
                      }{{\addfontfeature{RawFeature=-tlig}\symbol{"0022}}}
The control sequence at the end of the top line
of your error message was never \def'ed. If you have
misspelled it (e.g., `\hobx'), type `I' and the correct
spelling (e.g., `I\hbox'). Otherwise just continue,
and I'll forget about whatever was undefined.

./luaquotes-font.sty:144: Undefined control sequence.
l.144 \newcommand{\dqtwo}{{\addfontfeature
                                        {RawFeature=-tlig}\symbol{"0022}}}
The control sequence at the end of the top line
of your error message was never \def'ed. If you have
misspelled it (e.g., `\hobx'), type `I' and the correct
spelling (e.g., `I\hbox'). Otherwise just continue,
and I'll forget about whatever was undefined.

./luaquotes-font.sty:144: Undefined control sequence.
l.144 ...}{{\addfontfeature{RawFeature=-tlig}\symbol
                                                  {"0022}}}
The control sequence at the end of the top line
of your error message was never \def'ed. If you have
misspelled it (e.g., `\hobx'), type `I' and the correct
spelling (e.g., `I\hbox'). Otherwise just continue,
and I'll forget about whatever was undefined.

./luaquotes-font.sty:145: Undefined control sequence.
l.145 \newcommand
               {\dqone}{{\addfontfeature{RawFeature=-tlig}\symbol{"0027}}}
The control sequence at the end of the top line
of your error message was never \def'ed. If you have
misspelled it (e.g., `\hobx'), type `I' and the correct
spelling (e.g., `I\hbox'). Otherwise just continue,
and I'll forget about whatever was undefined.

./luaquotes-font.sty:145: Undefined control sequence.
l.145 \newcommand{\dqone
                      }{{\addfontfeature{RawFeature=-tlig}\symbol{"0027}}}
The control sequence at the end of the top line
of your error message was never \def'ed. If you have
misspelled it (e.g., `\hobx'), type `I' and the correct
spelling (e.g., `I\hbox'). Otherwise just continue,
and I'll forget about whatever was undefined.

./luaquotes-font.sty:145: Undefined control sequence.
l.145 \newcommand{\dqone}{{\addfontfeature
                                        {RawFeature=-tlig}\symbol{"0027}}}
The control sequence at the end of the top line
of your error message was never \def'ed. If you have
misspelled it (e.g., `\hobx'), type `I' and the correct
spelling (e.g., `I\hbox'). Otherwise just continue,
and I'll forget about whatever was undefined.

./luaquotes-font.sty:145: Undefined control sequence.
l.145 ...}{{\addfontfeature{RawFeature=-tlig}\symbol
                                                  {"0027}}}
The control sequence at the end of the top line
of your error message was never \def'ed. If you have
misspelled it (e.g., `\hobx'), type `I' and the correct
spelling (e.g., `I\hbox'). Otherwise just continue,
and I'll forget about whatever was undefined.

./luaquotes-font.sty:152: Undefined control sequence.
l.152 \newcommand
               {\lqprime}{′}
The control sequence at the end of the top line
of your error message was never \def'ed. If you have
misspelled it (e.g., `\hobx'), type `I' and the correct
spelling (e.g., `I\hbox'). Otherwise just continue,
and I'll forget about whatever was undefined.

./luaquotes-font.sty:152: Undefined control sequence.
l.152 \newcommand{\lqprime
                        }{′}
The control sequence at the end of the top line
of your error message was never \def'ed. If you have
misspelled it (e.g., `\hobx'), type `I' and the correct
spelling (e.g., `I\hbox'). Otherwise just continue,
and I'll forget about whatever was undefined.

./luaquotes-font.sty:153: Undefined control sequence.
l.153 \newcommand
               {\lqdoubleprime}{″}
The control sequence at the end of the top line
of your error message was never \def'ed. If you have
misspelled it (e.g., `\hobx'), type `I' and the correct
spelling (e.g., `I\hbox'). Otherwise just continue,
and I'll forget about whatever was undefined.

./luaquotes-font.sty:153: Undefined control sequence.
l.153 \newcommand{\lqdoubleprime
                              }{″}
The control sequence at the end of the top line
of your error message was never \def'ed. If you have
misspelled it (e.g., `\hobx'), type `I' and the correct
spelling (e.g., `I\hbox'). Otherwise just continue,
and I'll forget about whatever was undefined.

./luaquotes-font.sty:160: Undefined control sequence.
l.160 \newcommand
               {\okina}{ʻ}
The control sequence at the end of the top line
of your error message was never \def'ed. If you have
misspelled it (e.g., `\hobx'), type `I' and the correct
spelling (e.g., `I\hbox'). Otherwise just continue,
and I'll forget about whatever was undefined.

./luaquotes-font.sty:160: Undefined control sequence.
l.160 \newcommand{\okina
                      }{ʻ}
The control sequence at the end of the top line
of your error message was never \def'ed. If you have
misspelled it (e.g., `\hobx'), type `I' and the correct
spelling (e.g., `I\hbox'). Otherwise just continue,
and I'll forget about whatever was undefined.

./luaquotes-font.sty:169: Undefined control sequence.
l.169 \newcommand
               {\sqtwoleft}{{\addfontfeature{RawFeature=-tlig}“}}
The control sequence at the end of the top line
of your error message was never \def'ed. If you have
misspelled it (e.g., `\hobx'), type `I' and the correct
spelling (e.g., `I\hbox'). Otherwise just continue,
and I'll forget about whatever was undefined.

./luaquotes-font.sty:169: Undefined control sequence.
l.169 \newcommand{\sqtwoleft
                          }{{\addfontfeature{RawFeature=-tlig}“}}
The control sequence at the end of the top line
of your error message was never \def'ed. If you have
misspelled it (e.g., `\hobx'), type `I' and the correct
spelling (e.g., `I\hbox'). Otherwise just continue,
and I'll forget about whatever was undefined.

./luaquotes-font.sty:169: Undefined control sequence.
l.169 \newcommand{\sqtwoleft}{{\addfontfeature
                                            {RawFeature=-tlig}“}}
The control sequence at the end of the top line
of your error message was never \def'ed. If you have
misspelled it (e.g., `\hobx'), type `I' and the correct
spelling (e.g., `I\hbox'). Otherwise just continue,
and I'll forget about whatever was undefined.

./luaquotes-font.sty:170: Undefined control sequence.
l.170 \newcommand
               {\sqtworight}{{\addfontfeature{RawFeature=-tlig}”}}
The control sequence at the end of the top line
of your error message was never \def'ed. If you have
misspelled it (e.g., `\hobx'), type `I' and the correct
spelling (e.g., `I\hbox'). Otherwise just continue,
and I'll forget about whatever was undefined.

./luaquotes-font.sty:170: Undefined control sequence.
l.170 \newcommand{\sqtworight
                           }{{\addfontfeature{RawFeature=-tlig}”}}
The control sequence at the end of the top line
of your error message was never \def'ed. If you have
misspelled it (e.g., `\hobx'), type `I' and the correct
spelling (e.g., `I\hbox'). Otherwise just continue,
and I'll forget about whatever was undefined.

./luaquotes-font.sty:170: Undefined control sequence.
l.170 \newcommand{\sqtworight}{{\addfontfeature
                                             {RawFeature=-tlig}”}}
The control sequence at the end of the top line
of your error message was never \def'ed. If you have
misspelled it (e.g., `\hobx'), type `I' and the correct
spelling (e.g., `I\hbox'). Otherwise just continue,
and I'll forget about whatever was undefined.

./luaquotes-font.sty:171: Undefined control sequence.
l.171 \newcommand
               {\sqoneright}{{\addfontfeature{RawFeature=-tlig}’}}
The control sequence at the end of the top line
of your error message was never \def'ed. If you have
misspelled it (e.g., `\hobx'), type `I' and the correct
spelling (e.g., `I\hbox'). Otherwise just continue,
and I'll forget about whatever was undefined.

./luaquotes-font.sty:171: Undefined control sequence.
l.171 \newcommand{\sqoneright
                           }{{\addfontfeature{RawFeature=-tlig}’}}
The control sequence at the end of the top line
of your error message was never \def'ed. If you have
misspelled it (e.g., `\hobx'), type `I' and the correct
spelling (e.g., `I\hbox'). Otherwise just continue,
and I'll forget about whatever was undefined.

./luaquotes-font.sty:171: Undefined control sequence.
l.171 \newcommand{\sqoneright}{{\addfontfeature
                                             {RawFeature=-tlig}’}}
The control sequence at the end of the top line
of your error message was never \def'ed. If you have
misspelled it (e.g., `\hobx'), type `I' and the correct
spelling (e.g., `I\hbox'). Otherwise just continue,
and I'll forget about whatever was undefined.

./luaquotes-font.sty:172: Undefined control sequence.
l.172 \newcommand
               {\lqapost}{{\addfontfeature{RawFeature=-tlig}’ }}
The control sequence at the end of the top line
of your error message was never \def'ed. If you have
misspelled it (e.g., `\hobx'), type `I' and the correct
spelling (e.g., `I\hbox'). Otherwise just continue,
and I'll forget about whatever was undefined.

./luaquotes-font.sty:172: Undefined control sequence.
l.172 \newcommand{\lqapost
                        }{{\addfontfeature{RawFeature=-tlig}’ }}
The control sequence at the end of the top line
of your error message was never \def'ed. If you have
misspelled it (e.g., `\hobx'), type `I' and the correct
spelling (e.g., `I\hbox'). Otherwise just continue,
and I'll forget about whatever was undefined.

./luaquotes-font.sty:172: Undefined control sequence.
l.172 \newcommand{\lqapost}{{\addfontfeature
                                          {RawFeature=-tlig}’ }}
The control sequence at the end of the top line
of your error message was never \def'ed. If you have
misspelled it (e.g., `\hobx'), type `I' and the correct
spelling (e.g., `I\hbox'). Otherwise just continue,
and I'll forget about whatever was undefined.

./luaquotes-font.sty:173: Undefined control sequence.
l.173 \newcommand
               {\sqoneleft}{{\addfontfeature{RawFeature=-tlig}‘}}
The control sequence at the end of the top line
of your error message was never \def'ed. If you have
misspelled it (e.g., `\hobx'), type `I' and the correct
spelling (e.g., `I\hbox'). Otherwise just continue,
and I'll forget about whatever was undefined.

./luaquotes-font.sty:173: Undefined control sequence.
l.173 \newcommand{\sqoneleft
                          }{{\addfontfeature{RawFeature=-tlig}‘}}
The control sequence at the end of the top line
of your error message was never \def'ed. If you have
misspelled it (e.g., `\hobx'), type `I' and the correct
spelling (e.g., `I\hbox'). Otherwise just continue,
and I'll forget about whatever was undefined.

./luaquotes-font.sty:173: Undefined control sequence.
l.173 \newcommand{\sqoneleft}{{\addfontfeature
                                            {RawFeature=-tlig}‘}}
The control sequence at the end of the top line
of your error message was never \def'ed. If you have
misspelled it (e.g., `\hobx'), type `I' and the correct
spelling (e.g., `I\hbox'). Otherwise just continue,
and I'll forget about whatever was undefined.

./luaquotes-font.sty:174: Undefined control sequence.
l.174 \newcommand
               {\glmtl}{«\,}
The control sequence at the end of the top line
of your error message was never \def'ed. If you have
misspelled it (e.g., `\hobx'), type `I' and the correct
spelling (e.g., `I\hbox'). Otherwise just continue,
and I'll forget about whatever was undefined.

./luaquotes-font.sty:174: Undefined control sequence.
l.174 \newcommand{\glmtl
                      }{«\,}
The control sequence at the end of the top line
of your error message was never \def'ed. If you have
misspelled it (e.g., `\hobx'), type `I' and the correct
spelling (e.g., `I\hbox'). Otherwise just continue,
and I'll forget about whatever was undefined.

./luaquotes-font.sty:174: Missing $ inserted.
<inserted text> 
$
<to be read again> 
\mskip 
\,->\mskip 
           \thinmuskip 
l.174 \newcommand{\glmtl}{«\,
                            }
I've inserted a begin-math/end-math symbol since I think
you left one out. Proceed, with fingers crossed.

./luaquotes-font.sty:174: Extra }, or forgotten $.
l.174 \newcommand{\glmtl}{«\,}
                             
I've deleted a group-closing symbol because it seems to be
spurious, as in `$x}$'. But perhaps the } is legitimate and
you forgot something else, as in `\hbox{$x}'. In such cases
the way to recover is to insert both the forgotten and the
deleted material, e.g., by typing `I$}'.

./luaquotes-font.sty:175: Undefined control sequence.
l.175 \newcommand
               {\glmtr}{\,»}
The control sequence at the end of the top line
of your error message was never \def'ed. If you have
misspelled it (e.g., `\hobx'), type `I' and the correct
spelling (e.g., `I\hbox'). Otherwise just continue,
and I'll forget about whatever was undefined.

./luaquotes-font.sty:175: Undefined control sequence.
l.175 \newcommand{\glmtr
                      }{\,»}
The control sequence at the end of the top line
of your error message was never \def'ed. If you have
misspelled it (e.g., `\hobx'), type `I' and the correct
spelling (e.g., `I\hbox'). Otherwise just continue,
and I'll forget about whatever was undefined.

./luaquotes-font.sty:176: Undefined control sequence.
l.176 \newcommand
               {\sglmtl}{‹\,}
The control sequence at the end of the top line
of your error message was never \def'ed. If you have
misspelled it (e.g., `\hobx'), type `I' and the correct
spelling (e.g., `I\hbox'). Otherwise just continue,
and I'll forget about whatever was undefined.

./luaquotes-font.sty:176: Undefined control sequence.
l.176 \newcommand{\sglmtl
                       }{‹\,}
The control sequence at the end of the top line
of your error message was never \def'ed. If you have
misspelled it (e.g., `\hobx'), type `I' and the correct
spelling (e.g., `I\hbox'). Otherwise just continue,
and I'll forget about whatever was undefined.

./luaquotes-font.sty:177: Undefined control sequence.
l.177 \newcommand
               {\sglmtr}{\,›}
The control sequence at the end of the top line
of your error message was never \def'ed. If you have
misspelled it (e.g., `\hobx'), type `I' and the correct
spelling (e.g., `I\hbox'). Otherwise just continue,
and I'll forget about whatever was undefined.

./luaquotes-font.sty:177: Undefined control sequence.
l.177 \newcommand{\sglmtr
                       }{\,›}
The control sequence at the end of the top line
of your error message was never \def'ed. If you have
misspelled it (e.g., `\hobx'), type `I' and the correct
spelling (e.g., `I\hbox'). Otherwise just continue,
and I'll forget about whatever was undefined.

./luaquotes-font.sty:183: Undefined control sequence.
l.183 \luaexec
            {function dedoublequotes ( s )
The control sequence at the end of the top line
of your error message was never \def'ed. If you have
misspelled it (e.g., `\hobx'), type `I' and the correct
spelling (e.g., `I\hbox'). Otherwise just continue,
and I'll forget about whatever was undefined.

./luaquotes-font.sty:186: Undefined control sequence.
l.186 \luaexec
            {function desinglequotelinestart ( s )
The control sequence at the end of the top line
of your error message was never \def'ed. If you have
misspelled it (e.g., `\hobx'), type `I' and the correct
spelling (e.g., `I\hbox'). Otherwise just continue,
and I'll forget about whatever was undefined.

./luaquotes-font.sty:187: Missing { inserted.
<to be read again> 
^
'->^
    \bgroup \prim@s 
l.187            return (s:gsub ("^'
                                  ","‚" )  )
A left brace was mandatory here, so I've put one in.
You might want to delete and/or insert some corrections
so that I will find a matching right brace soon.
If you're confused by all this, try typing `I}' now.

./luaquotes-font.sty:189: Undefined control sequence.
l.189 \luaexec
            {function desinglequotesclose( s )
The control sequence at the end of the top line
of your error message was never \def'ed. If you have
misspelled it (e.g., `\hobx'), type `I' and the correct
spelling (e.g., `I\hbox'). Otherwise just continue,
and I'll forget about whatever was undefined.

./luaquotes-font.sty:192: Missing $ inserted.
<inserted text> 
$
<to be read again> 
\par 
l.192 
    
I've inserted a begin-math/end-math symbol since I think
you left one out. Proceed, with fingers crossed.

./luaquotes-font.sty:192: Missing } inserted.
<inserted text> 
}
<to be read again> 
$
<to be read again> 
\par 
l.192 
    
I've inserted something that you may have forgotten.
(See the <inserted text> above.)
With luck, this will get me unwedged. But if you
really didn't forget anything, try typing `2' now; then
my insertion and my current dilemma will both disappear.

Missing character: There is no » (U+00BB) in font cmr10!
Missing character: There is no ‹ (U+2039) in font cmr10!
Missing character: There is no › (U+203A) in font cmr10!
Missing character: There is no „ (U+201E) in font cmr10!
Missing character: There is no „ (U+201E) in font cmr10!
Missing character: There is no ‚ (U+201A) in font cmr7!
Missing character: There is no ‚ (U+201A) in font cmr7!
Missing character: There is no ‚ (U+201A) in font cmr10!
Missing character: There is no ‚ (U+201A) in font cmr10!

Overfull \hbox (19.10477pt too wide) in paragraph at lines 136--192
[]\tenrm RawFea-ture=-tlig"201A RawFea-ture=-tlig"201E RawFea-ture=-tlig"0022 RawFea-ture=-tlig"0027 ′ ″ ʻ RawFea-|

\hbox(6.94444+1.94444)x469.75499, glue set - 1.0, direction TLT
.\localpar
..\localinterlinepenalty=0
..\localbrokenpenalty=0
..\localleftbox=null
..\localrightbox=null
.\hbox(0.0+0.0)x20.0, direction TLT
.\tenrm R
.\tenrm a
.\kern-0.27779 (font)
.etc.


Overfull \hbox (751.40175pt too wide) in paragraph at lines 136--192
\tenrm ture=-tlig“ RawFea-ture=-tlig” RawFea-ture=-tlig’ RawFea-ture=-tlig’  RawFea-ture=-tlig‘ «$ [][][][][][][][]$ |

\hbox(9.4245+2.5)x469.75499, glue set - 1.0, direction TLT
.\tenrm t
.\tenrm u
.\tenrm r
.\tenrm e
.\tenrm =
.etc.

./luaquotes-font.sty:194: Undefined control sequence.
l.194 \newcommand
               \dedoublequoteson{\directlua{luatexbase.add_to_callback (
The control sequence at the end of the top line
of your error message was never \def'ed. If you have
misspelled it (e.g., `\hobx'), type `I' and the correct
spelling (e.g., `I\hbox'). Otherwise just continue,
and I'll forget about whatever was undefined.

./luaquotes-font.sty:194: Undefined control sequence.
l.194 \newcommand\dedoublequoteson
                                {\directlua{luatexbase.add_to_callback (
The control sequence at the end of the top line
of your error message was never \def'ed. If you have
misspelled it (e.g., `\hobx'), type `I' and the correct
spelling (e.g., `I\hbox'). Otherwise just continue,
and I'll forget about whatever was undefined.

[\directlua]:1: attempt to index a nil value (global 'luatexbase')
stack traceback:
	[\directlua]:1: in main chunk.
l.195 ...fer" , dedoublequotes , "dedoublequotes" )}
                                                  }
The lua interpreter ran into a problem, so the
remainder of this lua chunk will be ignored.

./luaquotes-font.sty:196: Undefined control sequence.
l.196 \newcommand
               \dedoublequotesoff{\directlua{luatexbase.remove_from_callback (
The control sequence at the end of the top line
of your error message was never \def'ed. If you have
misspelled it (e.g., `\hobx'), type `I' and the correct
spelling (e.g., `I\hbox'). Otherwise just continue,
and I'll forget about whatever was undefined.

./luaquotes-font.sty:196: Undefined control sequence.
l.196 \newcommand\dedoublequotesoff
                                 {\directlua{luatexbase.remove_from_callback (
The control sequence at the end of the top line
of your error message was never \def'ed. If you have
misspelled it (e.g., `\hobx'), type `I' and the correct
spelling (e.g., `I\hbox'). Otherwise just continue,
and I'll forget about whatever was undefined.

[\directlua]:1: attempt to index a nil value (global 'luatexbase')
stack traceback:
	[\directlua]:1: in main chunk.
l.197 ...process_input_buffer" , "dedoublequotes" )}
                                                  }
The lua interpreter ran into a problem, so the
remainder of this lua chunk will be ignored.

./luaquotes-font.sty:198: Undefined control sequence.
l.198 \newcommand
               \desinglequotelinestarton{\directlua{luatexbase.add_to_callba...
The control sequence at the end of the top line
of your error message was never \def'ed. If you have
misspelled it (e.g., `\hobx'), type `I' and the correct
spelling (e.g., `I\hbox'). Otherwise just continue,
and I'll forget about whatever was undefined.

./luaquotes-font.sty:198: Undefined control sequence.
l.198 \newcommand\desinglequotelinestarton
                                        {\directlua{luatexbase.add_to_callba...
The control sequence at the end of the top line
of your error message was never \def'ed. If you have
misspelled it (e.g., `\hobx'), type `I' and the correct
spelling (e.g., `I\hbox'). Otherwise just continue,
and I'll forget about whatever was undefined.

[\directlua]:1: attempt to index a nil value (global 'luatexbase')
stack traceback:
	[\directlua]:1: in main chunk.
l.199 ...uotelinestart , "desinglequotelinestart" )}
                                                  }
The lua interpreter ran into a problem, so the
remainder of this lua chunk will be ignored.

./luaquotes-font.sty:200: Undefined control sequence.
l.200 \newcommand
               \desinglequotelinestartoff{\directlua{luatexbase.remove_from_...
The control sequence at the end of the top line
of your error message was never \def'ed. If you have
misspelled it (e.g., `\hobx'), type `I' and the correct
spelling (e.g., `I\hbox'). Otherwise just continue,
and I'll forget about whatever was undefined.

./luaquotes-font.sty:200: Undefined control sequence.
l.200 \newcommand\desinglequotelinestartoff
                                         {\directlua{luatexbase.remove_from_...
The control sequence at the end of the top line
of your error message was never \def'ed. If you have
misspelled it (e.g., `\hobx'), type `I' and the correct
spelling (e.g., `I\hbox'). Otherwise just continue,
and I'll forget about whatever was undefined.

[\directlua]:1: attempt to index a nil value (global 'luatexbase')
stack traceback:
	[\directlua]:1: in main chunk.
l.201 ...input_buffer" , "desinglequotelinestart" )}
                                                  }
The lua interpreter ran into a problem, so the
remainder of this lua chunk will be ignored.

./luaquotes-font.sty:202: Undefined control sequence.
l.202 \newcommand
               \desinglequoteson{}
The control sequence at the end of the top line
of your error message was never \def'ed. If you have
misspelled it (e.g., `\hobx'), type `I' and the correct
spelling (e.g., `I\hbox'). Otherwise just continue,
and I'll forget about whatever was undefined.

./luaquotes-font.sty:202: Undefined control sequence.
l.202 \newcommand\desinglequoteson
                                {}
The control sequence at the end of the top line
of your error message was never \def'ed. If you have
misspelled it (e.g., `\hobx'), type `I' and the correct
spelling (e.g., `I\hbox'). Otherwise just continue,
and I'll forget about whatever was undefined.

./luaquotes-font.sty:203: Undefined control sequence.
l.203 \newcommand
               \desinglequotesoff{}
The control sequence at the end of the top line
of your error message was never \def'ed. If you have
misspelled it (e.g., `\hobx'), type `I' and the correct
spelling (e.g., `I\hbox'). Otherwise just continue,
and I'll forget about whatever was undefined.

./luaquotes-font.sty:203: Undefined control sequence.
l.203 \newcommand\desinglequotesoff
                                 {}
The control sequence at the end of the top line
of your error message was never \def'ed. If you have
misspelled it (e.g., `\hobx'), type `I' and the correct
spelling (e.g., `I\hbox'). Otherwise just continue,
and I'll forget about whatever was undefined.

./luaquotes-font.sty:204: Undefined control sequence.
l.204    \newcommand
                  \desinglequotescloseon{\directlua{luatexbase.add_to_callba...
The control sequence at the end of the top line
of your error message was never \def'ed. If you have
misspelled it (e.g., `\hobx'), type `I' and the correct
spelling (e.g., `I\hbox'). Otherwise just continue,
and I'll forget about whatever was undefined.

./luaquotes-font.sty:204: Undefined control sequence.
l.204    \newcommand\desinglequotescloseon
                                        {\directlua{luatexbase.add_to_callba...
The control sequence at the end of the top line
of your error message was never \def'ed. If you have
misspelled it (e.g., `\hobx'), type `I' and the correct
spelling (e.g., `I\hbox'). Otherwise just continue,
and I'll forget about whatever was undefined.

[\directlua]:1: attempt to index a nil value (global 'luatexbase')
stack traceback:
	[\directlua]:1: in main chunk.
l.205 ...inglequotesclose , "desinglequotesclose" )}
                                                  }
The lua interpreter ran into a problem, so the
remainder of this lua chunk will be ignored.

./luaquotes-font.sty:206: Undefined control sequence.
l.206 \newcommand
               \desinglequotescloseoff{\directlua{luatexbase.remove_from_cal...
The control sequence at the end of the top line
of your error message was never \def'ed. If you have
misspelled it (e.g., `\hobx'), type `I' and the correct
spelling (e.g., `I\hbox'). Otherwise just continue,
and I'll forget about whatever was undefined.

./luaquotes-font.sty:206: Undefined control sequence.
l.206 \newcommand\desinglequotescloseoff
                                      {\directlua{luatexbase.remove_from_cal...
The control sequence at the end of the top line
of your error message was never \def'ed. If you have
misspelled it (e.g., `\hobx'), type `I' and the correct
spelling (e.g., `I\hbox'). Otherwise just continue,
and I'll forget about whatever was undefined.

[\directlua]:1: attempt to index a nil value (global 'luatexbase')
stack traceback:
	[\directlua]:1: in main chunk.
l.207 ...ss_input_buffer" , "desinglequotesclose" )}
                                                  }
The lua interpreter ran into a problem, so the
remainder of this lua chunk will be ignored.

./luaquotes-font.sty:208: Undefined control sequence.
l.208    \newcommand
                  {\desmartquotes}{\dedoublequoteson\desinglequotelinestarto...
The control sequence at the end of the top line
of your error message was never \def'ed. If you have
misspelled it (e.g., `\hobx'), type `I' and the correct
spelling (e.g., `I\hbox'). Otherwise just continue,
and I'll forget about whatever was undefined.

./luaquotes-font.sty:208: Undefined control sequence.
l.208    \newcommand{\desmartquotes
                                 }{\dedoublequoteson\desinglequotelinestarto...
The control sequence at the end of the top line
of your error message was never \def'ed. If you have
misspelled it (e.g., `\hobx'), type `I' and the correct
spelling (e.g., `I\hbox'). Otherwise just continue,
and I'll forget about whatever was undefined.

./luaquotes-font.sty:208: Undefined control sequence.
l.208 ...ewcommand{\desmartquotes}{\dedoublequoteson
                                                  \desinglequotelinestarton\...
The control sequence at the end of the top line
of your error message was never \def'ed. If you have
misspelled it (e.g., `\hobx'), type `I' and the correct
spelling (e.g., `I\hbox'). Otherwise just continue,
and I'll forget about whatever was undefined.

./luaquotes-font.sty:208: Undefined control sequence.
l.208 ...{\dedoublequoteson\desinglequotelinestarton
                                                  \desinglequoteson\desingle...
The control sequence at the end of the top line
of your error message was never \def'ed. If you have
misspelled it (e.g., `\hobx'), type `I' and the correct
spelling (e.g., `I\hbox'). Otherwise just continue,
and I'll forget about whatever was undefined.

./luaquotes-font.sty:208: Undefined control sequence.
l.208 ...n\desinglequotelinestarton\desinglequoteson
                                                  \desinglequotescloseon}
The control sequence at the end of the top line
of your error message was never \def'ed. If you have
misspelled it (e.g., `\hobx'), type `I' and the correct
spelling (e.g., `I\hbox'). Otherwise just continue,
and I'll forget about whatever was undefined.

./luaquotes-font.sty:208: Undefined control sequence.
l.208 ...rton\desinglequoteson\desinglequotescloseon
                                                  }
The control sequence at the end of the top line
of your error message was never \def'ed. If you have
misspelled it (e.g., `\hobx'), type `I' and the correct
spelling (e.g., `I\hbox'). Otherwise just continue,
and I'll forget about whatever was undefined.

./luaquotes-font.sty:209: Undefined control sequence.
l.209    \newcommand
                  {\dedumbquotes}{\dedoublequotesoff\desinglequotelinestarto...
The control sequence at the end of the top line
of your error message was never \def'ed. If you have
misspelled it (e.g., `\hobx'), type `I' and the correct
spelling (e.g., `I\hbox'). Otherwise just continue,
and I'll forget about whatever was undefined.

./luaquotes-font.sty:209: Undefined control sequence.
l.209    \newcommand{\dedumbquotes
                                }{\dedoublequotesoff\desinglequotelinestarto...
The control sequence at the end of the top line
of your error message was never \def'ed. If you have
misspelled it (e.g., `\hobx'), type `I' and the correct
spelling (e.g., `I\hbox'). Otherwise just continue,
and I'll forget about whatever was undefined.

./luaquotes-font.sty:209: Undefined control sequence.
l.209 ...ewcommand{\dedumbquotes}{\dedoublequotesoff
                                                  \desinglequotelinestartoff...
The control sequence at the end of the top line
of your error message was never \def'ed. If you have
misspelled it (e.g., `\hobx'), type `I' and the correct
spelling (e.g., `I\hbox'). Otherwise just continue,
and I'll forget about whatever was undefined.

./luaquotes-font.sty:209: Undefined control sequence.
l.209 ...dedoublequotesoff\desinglequotelinestartoff
                                                  \desinglequotesoff\desingl...
The control sequence at the end of the top line
of your error message was never \def'ed. If you have
misspelled it (e.g., `\hobx'), type `I' and the correct
spelling (e.g., `I\hbox'). Otherwise just continue,
and I'll forget about whatever was undefined.

./luaquotes-font.sty:209: Undefined control sequence.
l.209 ...desinglequotelinestartoff\desinglequotesoff
                                                  \desinglequotescloseoff}
The control sequence at the end of the top line
of your error message was never \def'ed. If you have
misspelled it (e.g., `\hobx'), type `I' and the correct
spelling (e.g., `I\hbox'). Otherwise just continue,
and I'll forget about whatever was undefined.

./luaquotes-font.sty:209: Undefined control sequence.
l.209 ...ff\desinglequotesoff\desinglequotescloseoff
                                                  }
The control sequence at the end of the top line
of your error message was never \def'ed. If you have
misspelled it (e.g., `\hobx'), type `I' and the correct
spelling (e.g., `I\hbox'). Otherwise just continue,
and I'll forget about whatever was undefined.

./luaquotes-font.sty:210: Undefined control sequence.
l.210    \DeclareOption
                     {de}{
The control sequence at the end of the top line
of your error message was never \def'ed. If you have
misspelled it (e.g., `\hobx'), type `I' and the correct
spelling (e.g., `I\hbox'). Otherwise just continue,
and I'll forget about whatever was undefined.

./luaquotes-font.sty:211: Undefined control sequence.
l.211 \AtBeginDocument
                    {\desmartquotes}
The control sequence at the end of the top line
of your error message was never \def'ed. If you have
misspelled it (e.g., `\hobx'), type `I' and the correct
spelling (e.g., `I\hbox'). Otherwise just continue,
and I'll forget about whatever was undefined.

./luaquotes-font.sty:211: Undefined control sequence.
l.211 \AtBeginDocument{\desmartquotes
                                   }
The control sequence at the end of the top line
of your error message was never \def'ed. If you have
misspelled it (e.g., `\hobx'), type `I' and the correct
spelling (e.g., `I\hbox'). Otherwise just continue,
and I'll forget about whatever was undefined.

./luaquotes-font.sty:219: Undefined control sequence.
l.219 \luaexec
            {function frdoublequotes ( s )
The control sequence at the end of the top line
of your error message was never \def'ed. If you have
misspelled it (e.g., `\hobx'), type `I' and the correct
spelling (e.g., `I\hbox'). Otherwise just continue,
and I'll forget about whatever was undefined.

./luaquotes-font.sty:221: Argument of \\ has an extra }.
<inserted text> 
\par 
<to be read again> 
}
l.221          end}
                 
I've run across a `}' that doesn't seem to match anything.
For example, `\def\a#1{...}' and `\a}' would produce
this error. If you simply proceed now, the `\par' that
I've just inserted will cause me to report a runaway
argument that might be the root of the problem. But if
your `}' was spurious, just type `2' and it will go away.

Runaway argument?
,\%1\\,»" ) ) end
./luaquotes-font.sty:221: Paragraph ended before \\ was complete.
<to be read again> 
\par 
<to be read again> 
}
l.221          end}
                 
I suspect you've forgotten a `}', causing me to apply this
control sequence to too much text. How can we recover?
My plan is to forget the whole thing and hope for the best.

./luaquotes-font.sty:227: Undefined control sequence.
l.227 \luaexec
            {function frsinglequotelinestart ( s )
The control sequence at the end of the top line
of your error message was never \def'ed. If you have
misspelled it (e.g., `\hobx'), type `I' and the correct
spelling (e.g., `I\hbox'). Otherwise just continue,
and I'll forget about whatever was undefined.

./luaquotes-font.sty:228: Missing $ inserted.
<inserted text> 
$
<to be read again> 
^
l.228            return (s:gsub ("^
                                 '","'" )  )
I've inserted a begin-math/end-math symbol since I think
you left one out. Proceed, with fingers crossed.

./luaquotes-font.sty:228: Missing { inserted.
<to be read again> 
^
'->^
    \bgroup \prim@s 
l.228            return (s:gsub ("^'
                                  ","'" )  )
A left brace was mandatory here, so I've put one in.
You might want to delete and/or insert some corrections
so that I will find a matching right brace soon.
If you're confused by all this, try typing `I}' now.

./luaquotes-font.sty:230: Undefined control sequence.
l.230 \luaexec
            {function frsinglequotesclose( s )
The control sequence at the end of the top line
of your error message was never \def'ed. If you have
misspelled it (e.g., `\hobx'), type `I' and the correct
spelling (e.g., `I\hbox'). Otherwise just continue,
and I'll forget about whatever was undefined.

./luaquotes-font.sty:232: Argument of \\ has an extra }.
<inserted text> 
\par 
<to be read again> 
}
l.232          end}
                 
I've run across a `}' that doesn't seem to match anything.
For example, `\def\a#1{...}' and `\a}' would produce
this error. If you simply proceed now, the `\par' that
I've just inserted will cause me to report a runaway
argument that might be the root of the problem. But if
your `}' was spurious, just type `2' and it will go away.

Runaway argument?
,\%1\\,›" ) ) end
./luaquotes-font.sty:232: Paragraph ended before \\ was complete.
<to be read again> 
\par 
<to be read again> 
}
l.232          end}
                 
I suspect you've forgotten a `}', causing me to apply this
control sequence to too much text. How can we recover?
My plan is to forget the whole thing and hope for the best.

./luaquotes-font.sty:232: Missing $ inserted.
<inserted text> 
$
<to be read again> 
\par 
<to be read again> 
}
l.232          end}
                 
I've inserted a begin-math/end-math symbol since I think
you left one out. Proceed, with fingers crossed.

./luaquotes-font.sty:232: Missing } inserted.
<inserted text> 
}
<to be read again> 
$
<to be read again> 
\par 
<to be read again> 
}
l.232          end}
                 
I've inserted something that you may have forgotten.
(See the <inserted text> above.)
With luck, this will get me unwedged. But if you
really didn't forget anything, try typing `2' now; then
my insertion and my current dilemma will both disappear.

Missing character: There is no ‹ (U+2039) in font cmr10!

Overfull \hbox (68.09569pt too wide) in paragraph at lines 227--232
[]\tenrm func-tion frs-in-gle-quote-lines-tart ( s ) re-turn (s:gsub ("$[][][]$ |

\hbox(9.4245+2.5)x469.75499, glue set - 1.0, direction TLT
.\localpar
..\localinterlinepenalty=0
..\localbrokenpenalty=0
..\localleftbox=null
..\localrightbox=null
.\hbox(0.0+0.0)x20.0, direction TLT
.\tenrm f
.\tenrm u
.\tenrm n
.etc.

./luaquotes-font.sty:235: Undefined control sequence.
l.235 \newcommand
               \frdoublequoteson{\directlua{luatexbase.add_to_callback (
The control sequence at the end of the top line
of your error message was never \def'ed. If you have
misspelled it (e.g., `\hobx'), type `I' and the correct
spelling (e.g., `I\hbox'). Otherwise just continue,
and I'll forget about whatever was undefined.

./luaquotes-font.sty:235: Undefined control sequence.
l.235 \newcommand\frdoublequoteson
                                {\directlua{luatexbase.add_to_callback (
The control sequence at the end of the top line
of your error message was never \def'ed. If you have
misspelled it (e.g., `\hobx'), type `I' and the correct
spelling (e.g., `I\hbox'). Otherwise just continue,
and I'll forget about whatever was undefined.

[\directlua]:1: attempt to index a nil value (global 'luatexbase')
stack traceback:
	[\directlua]:1: in main chunk.
l.236 ...ffer" ,frdoublequotes , "frdoublequotes" )}
                                                  }
The lua interpreter ran into a problem, so the
remainder of this lua chunk will be ignored.

./luaquotes-font.sty:237: Undefined control sequence.
l.237 \newcommand
               \frdoublequotesoff{\directlua{luatexbase.remove_from_callback (
The control sequence at the end of the top line
of your error message was never \def'ed. If you have
misspelled it (e.g., `\hobx'), type `I' and the correct
spelling (e.g., `I\hbox'). Otherwise just continue,
and I'll forget about whatever was undefined.

./luaquotes-font.sty:237: Undefined control sequence.
l.237 \newcommand\frdoublequotesoff
                                 {\directlua{luatexbase.remove_from_callback (
The control sequence at the end of the top line
of your error message was never \def'ed. If you have
misspelled it (e.g., `\hobx'), type `I' and the correct
spelling (e.g., `I\hbox'). Otherwise just continue,
and I'll forget about whatever was undefined.

[\directlua]:1: attempt to index a nil value (global 'luatexbase')
stack traceback:
	[\directlua]:1: in main chunk.
l.238 ...process_input_buffer" , "frdoublequotes" )}
                                                  }
The lua interpreter ran into a problem, so the
remainder of this lua chunk will be ignored.

./luaquotes-font.sty:239: Undefined control sequence.
l.239 \newcommand
               \frsinglequotelinestarton{\directlua{luatexbase.add_to_callba...
The control sequence at the end of the top line
of your error message was never \def'ed. If you have
misspelled it (e.g., `\hobx'), type `I' and the correct
spelling (e.g., `I\hbox'). Otherwise just continue,
and I'll forget about whatever was undefined.

./luaquotes-font.sty:239: Undefined control sequence.
l.239 \newcommand\frsinglequotelinestarton
                                        {\directlua{luatexbase.add_to_callba...
The control sequence at the end of the top line
of your error message was never \def'ed. If you have
misspelled it (e.g., `\hobx'), type `I' and the correct
spelling (e.g., `I\hbox'). Otherwise just continue,
and I'll forget about whatever was undefined.

[\directlua]:1: attempt to index a nil value (global 'luatexbase')
stack traceback:
	[\directlua]:1: in main chunk.
l.240 ...uotelinestart , "frsinglequotelinestart" )}
                                                  }
The lua interpreter ran into a problem, so the
remainder of this lua chunk will be ignored.

./luaquotes-font.sty:241: Undefined control sequence.
l.241 \newcommand
               \frsinglequotelinestartoff{\directlua{luatexbase.remove_from_...
The control sequence at the end of the top line
of your error message was never \def'ed. If you have
misspelled it (e.g., `\hobx'), type `I' and the correct
spelling (e.g., `I\hbox'). Otherwise just continue,
and I'll forget about whatever was undefined.

./luaquotes-font.sty:241: Undefined control sequence.
l.241 \newcommand\frsinglequotelinestartoff
                                         {\directlua{luatexbase.remove_from_...
The control sequence at the end of the top line
of your error message was never \def'ed. If you have
misspelled it (e.g., `\hobx'), type `I' and the correct
spelling (e.g., `I\hbox'). Otherwise just continue,
and I'll forget about whatever was undefined.

[\directlua]:1: attempt to index a nil value (global 'luatexbase')
stack traceback:
	[\directlua]:1: in main chunk.
l.242 ...input_buffer" , "frsinglequotelinestart" )}
                                                  }
The lua interpreter ran into a problem, so the
remainder of this lua chunk will be ignored.

./luaquotes-font.sty:243: Undefined control sequence.
l.243 \newcommand
               \frsinglequotesoff{}
The control sequence at the end of the top line
of your error message was never \def'ed. If you have
misspelled it (e.g., `\hobx'), type `I' and the correct
spelling (e.g., `I\hbox'). Otherwise just continue,
and I'll forget about whatever was undefined.

./luaquotes-font.sty:243: Undefined control sequence.
l.243 \newcommand\frsinglequotesoff
                                 {}
The control sequence at the end of the top line
of your error message was never \def'ed. If you have
misspelled it (e.g., `\hobx'), type `I' and the correct
spelling (e.g., `I\hbox'). Otherwise just continue,
and I'll forget about whatever was undefined.

./luaquotes-font.sty:244: Undefined control sequence.
l.244    \newcommand
                  \frsinglequotescloseon{\directlua{luatexbase.add_to_callba...
The control sequence at the end of the top line
of your error message was never \def'ed. If you have
misspelled it (e.g., `\hobx'), type `I' and the correct
spelling (e.g., `I\hbox'). Otherwise just continue,
and I'll forget about whatever was undefined.

./luaquotes-font.sty:244: Undefined control sequence.
l.244    \newcommand\frsinglequotescloseon
                                        {\directlua{luatexbase.add_to_callba...
The control sequence at the end of the top line
of your error message was never \def'ed. If you have
misspelled it (e.g., `\hobx'), type `I' and the correct
spelling (e.g., `I\hbox'). Otherwise just continue,
and I'll forget about whatever was undefined.

[\directlua]:1: attempt to index a nil value (global 'luatexbase')
stack traceback:
	[\directlua]:1: in main chunk.
l.245 ...inglequotesclose , "frsinglequotesclose" )}
                                                  }
The lua interpreter ran into a problem, so the
remainder of this lua chunk will be ignored.

./luaquotes-font.sty:246: Undefined control sequence.
l.246 \newcommand
               \frsinglequotescloseoff{\directlua{luatexbase.remove_from_cal...
The control sequence at the end of the top line
of your error message was never \def'ed. If you have
misspelled it (e.g., `\hobx'), type `I' and the correct
spelling (e.g., `I\hbox'). Otherwise just continue,
and I'll forget about whatever was undefined.

./luaquotes-font.sty:246: Undefined control sequence.
l.246 \newcommand\frsinglequotescloseoff
                                      {\directlua{luatexbase.remove_from_cal...
The control sequence at the end of the top line
of your error message was never \def'ed. If you have
misspelled it (e.g., `\hobx'), type `I' and the correct
spelling (e.g., `I\hbox'). Otherwise just continue,
and I'll forget about whatever was undefined.

[\directlua]:1: attempt to index a nil value (global 'luatexbase')
stack traceback:
	[\directlua]:1: in main chunk.
l.247 ...ss_input_buffer" , "frsinglequotesclose" )}
                                                  }
The lua interpreter ran into a problem, so the
remainder of this lua chunk will be ignored.

./luaquotes-font.sty:248: Undefined control sequence.
l.248    \newcommand
                  {\frsmartquotes}{\frdoublequoteson\frsinglequotelinestarto...
The control sequence at the end of the top line
of your error message was never \def'ed. If you have
misspelled it (e.g., `\hobx'), type `I' and the correct
spelling (e.g., `I\hbox'). Otherwise just continue,
and I'll forget about whatever was undefined.

./luaquotes-font.sty:248: Undefined control sequence.
l.248    \newcommand{\frsmartquotes
                                 }{\frdoublequoteson\frsinglequotelinestarto...
The control sequence at the end of the top line
of your error message was never \def'ed. If you have
misspelled it (e.g., `\hobx'), type `I' and the correct
spelling (e.g., `I\hbox'). Otherwise just continue,
and I'll forget about whatever was undefined.

./luaquotes-font.sty:248: Undefined control sequence.
l.248 ...ewcommand{\frsmartquotes}{\frdoublequoteson
                                                  \frsinglequotelinestarton\...
The control sequence at the end of the top line
of your error message was never \def'ed. If you have
misspelled it (e.g., `\hobx'), type `I' and the correct
spelling (e.g., `I\hbox'). Otherwise just continue,
and I'll forget about whatever was undefined.

./luaquotes-font.sty:248: Undefined control sequence.
l.248 ...{\frdoublequoteson\frsinglequotelinestarton
                                                  \frsinglequotescloseon}
The control sequence at the end of the top line
of your error message was never \def'ed. If you have
misspelled it (e.g., `\hobx'), type `I' and the correct
spelling (e.g., `I\hbox'). Otherwise just continue,
and I'll forget about whatever was undefined.

./luaquotes-font.sty:248: Undefined control sequence.
l.248 ...inglequotelinestarton\frsinglequotescloseon
                                                  }
The control sequence at the end of the top line
of your error message was never \def'ed. If you have
misspelled it (e.g., `\hobx'), type `I' and the correct
spelling (e.g., `I\hbox'). Otherwise just continue,
and I'll forget about whatever was undefined.

./luaquotes-font.sty:249: Undefined control sequence.
l.249    \newcommand
                  {\frdumbquotes}{\frdoublequotesoff\frsinglequotelinestarto...
The control sequence at the end of the top line
of your error message was never \def'ed. If you have
misspelled it (e.g., `\hobx'), type `I' and the correct
spelling (e.g., `I\hbox'). Otherwise just continue,
and I'll forget about whatever was undefined.

./luaquotes-font.sty:249: Undefined control sequence.
l.249    \newcommand{\frdumbquotes
                                }{\frdoublequotesoff\frsinglequotelinestarto...
The control sequence at the end of the top line
of your error message was never \def'ed. If you have
misspelled it (e.g., `\hobx'), type `I' and the correct
spelling (e.g., `I\hbox'). Otherwise just continue,
and I'll forget about whatever was undefined.

./luaquotes-font.sty:249: Undefined control sequence.
l.249 ...ewcommand{\frdumbquotes}{\frdoublequotesoff
                                                  \frsinglequotelinestartoff...
The control sequence at the end of the top line
of your error message was never \def'ed. If you have
misspelled it (e.g., `\hobx'), type `I' and the correct
spelling (e.g., `I\hbox'). Otherwise just continue,
and I'll forget about whatever was undefined.

./luaquotes-font.sty:249: Undefined control sequence.
l.249 ...frdoublequotesoff\frsinglequotelinestartoff
                                                  \frsinglequotescloseoff}
The control sequence at the end of the top line
of your error message was never \def'ed. If you have
misspelled it (e.g., `\hobx'), type `I' and the correct
spelling (e.g., `I\hbox'). Otherwise just continue,
and I'll forget about whatever was undefined.

./luaquotes-font.sty:249: Undefined control sequence.
l.249 ...glequotelinestartoff\frsinglequotescloseoff
                                                  }
The control sequence at the end of the top line
of your error message was never \def'ed. If you have
misspelled it (e.g., `\hobx'), type `I' and the correct
spelling (e.g., `I\hbox'). Otherwise just continue,
and I'll forget about whatever was undefined.

./luaquotes-font.sty:250: Undefined control sequence.
l.250    \DeclareOption
                     {fr}{
The control sequence at the end of the top line
of your error message was never \def'ed. If you have
misspelled it (e.g., `\hobx'), type `I' and the correct
spelling (e.g., `I\hbox'). Otherwise just continue,
and I'll forget about whatever was undefined.

./luaquotes-font.sty:252: Undefined control sequence.
l.252 \AtBeginDocument
                    {\frsmartquotes}
The control sequence at the end of the top line
of your error message was never \def'ed. If you have
misspelled it (e.g., `\hobx'), type `I' and the correct
spelling (e.g., `I\hbox'). Otherwise just continue,
and I'll forget about whatever was undefined.

./luaquotes-font.sty:252: Undefined control sequence.
l.252 \AtBeginDocument{\frsmartquotes
                                   }
The control sequence at the end of the top line
of your error message was never \def'ed. If you have
misspelled it (e.g., `\hobx'), type `I' and the correct
spelling (e.g., `I\hbox'). Otherwise just continue,
and I'll forget about whatever was undefined.

./luaquotes-font.sty:253: Undefined control sequence.
l.253 \renewcommand
                 {\texttt}[1]{\ttfamily\frdumbquotes #1}
The control sequence at the end of the top line
of your error message was never \def'ed. If you have
misspelled it (e.g., `\hobx'), type `I' and the correct
spelling (e.g., `I\hbox'). Otherwise just continue,
and I'll forget about whatever was undefined.

./luaquotes-font.sty:253: Undefined control sequence.
l.253 \renewcommand{\texttt
                         }[1]{\ttfamily\frdumbquotes #1}
The control sequence at the end of the top line
of your error message was never \def'ed. If you have
misspelled it (e.g., `\hobx'), type `I' and the correct
spelling (e.g., `I\hbox'). Otherwise just continue,
and I'll forget about whatever was undefined.

./luaquotes-font.sty:253: Undefined control sequence.
l.253 \renewcommand{\texttt}[1]{\ttfamily
                                       \frdumbquotes #1}
The control sequence at the end of the top line
of your error message was never \def'ed. If you have
misspelled it (e.g., `\hobx'), type `I' and the correct
spelling (e.g., `I\hbox'). Otherwise just continue,
and I'll forget about whatever was undefined.

./luaquotes-font.sty:253: Undefined control sequence.
l.253 ...wcommand{\texttt}[1]{\ttfamily\frdumbquotes
                                                   #1}
The control sequence at the end of the top line
of your error message was never \def'ed. If you have
misspelled it (e.g., `\hobx'), type `I' and the correct
spelling (e.g., `I\hbox'). Otherwise just continue,
and I'll forget about whatever was undefined.

./luaquotes-font.sty:253: You can't use `macro parameter character #' in horizontal mode.
l.253 ...ommand{\texttt}[1]{\ttfamily\frdumbquotes #
                                                  1}
Sorry, but I'm not programmed to handle this case;
I'll just pretend that you didn't ask for it.
If you're in the wrong mode, you might be able to
return to the right one by typing `I}' or `I$' or `I\par'.

./luaquotes-font.sty:275: Undefined control sequence.
l.275   \ProcessOptions
                     *
The control sequence at the end of the top line
of your error message was never \def'ed. If you have
misspelled it (e.g., `\hobx'), type `I' and the correct
spelling (e.g., `I\hbox'). Otherwise just continue,
and I'll forget about whatever was undefined.

./luaquotes-font.sty:277: Undefined control sequence.
l.277 \ExecuteOptions
                   {en}%
The control sequence at the end of the top line
of your error message was never \def'ed. If you have
misspelled it (e.g., `\hobx'), type `I' and the correct
spelling (e.g., `I\hbox'). Otherwise just continue,
and I'll forget about whatever was undefined.

)
! Emergency stop.
<*> luaquotes-font.sty
                   
*** (job aborted, no legal \end found)

!  ==> Fatal error occurred, no output PDF file produced!
